[2020-12-08T02:23:40.600692+01:00] main.INFO: > Criando usuario Zé  [] []
[2020-12-08T02:23:44.026444+01:00] main.INFO: < Criando usuario Zé  SUCESSO [] []
[2020-12-08T02:26:34.684821+01:00] main.INFO: > Criando usuario Anne Anne [] []
[2020-12-08T02:26:34.699246+01:00] main.INFO: < Criando usuario Anne anne@gmail.com SUCESSO [] []
[2020-12-08T20:03:11.771790+01:00] main.INFO: > Criando usuario Di Di [] []
[2020-12-08T20:21:36.842338+01:00] main.INFO: > Criando usuario Di Di [] []
[2020-12-08T20:22:32.159292+01:00] main.INFO: > Criando usuario Di Di [] []
[2020-12-08T20:24:53.267664+01:00] main.INFO: > Criando usuario Di Di [] []
[2020-12-08T20:27:08.245171+01:00] main.INFO: > Criando usuario Di Di [] []
[2020-12-08T20:28:32.284672+01:00] main.INFO: > Criando usuario Di Di [] []
[2020-12-08T20:28:49.400256+01:00] main.INFO: > Criando usuario Diego Diego [] []
[2020-12-08T20:29:29.629563+01:00] main.INFO: > Criando usuario Diego Diego [] []
[2020-12-08T20:32:23.370315+01:00] main.DEBUG: > Criando usuario Diego Diego [] []
[2020-12-08T20:33:41.745833+01:00] main.DEBUG: > Criando usuario Diego Diego [] []
[2020-12-08T20:36:24.013771+01:00] main.DEBUG: > Criando usuario Diego Diego [] []
[2020-12-08T20:39:44.521995+01:00] main.DEBUG: > Criando usuario Diego Diego [] []
[2020-12-08T20:50:50.096782+01:00] main.DEBUG: > Criando usuario Diego Diego [] []
[2020-12-08T20:51:12.896253+01:00] main.DEBUG: > Criando usuario Diego Diego [] []
[2020-12-08T20:51:12.918323+01:00] main.DEBUG: < Criando usuario (SUCESSO) Diego diegosantos17@gmail.com SUCESSO [] []
[2020-12-08T20:57:16.980863+01:00] main.DEBUG: > Criando usuario Diego Diego [] []
[2020-12-08T20:57:52.658642+01:00] main.DEBUG: > Criando usuario Diego Diego [] []
[2020-12-08T20:58:14.112536+01:00] main.DEBUG: > Criando usuario Diego Diego [] []
[2020-12-08T21:38:35.963016+01:00] main.DEBUG: > Criando usuario Diego Diego [] []
[2020-12-08T21:39:43.985678+01:00] main.DEBUG: > Criando usuario Diego Diego [] []
[2020-12-08T21:40:03.559777+01:00] main.DEBUG: > Criando usuario Diego Diego [] []
[2020-12-08T21:45:15.246508+01:00] main.DEBUG: > Criando usuario Diego Diego [] []
[2020-12-08T21:47:34.305968+01:00] main.DEBUG: > Criando usuario Diego Diego [] []
[2020-12-08T21:48:52.061524+01:00] main.DEBUG: > Criando usuario Diego Diego [] []
[2020-12-08T21:49:33.545067+01:00] main.DEBUG: > Criando usuario Diego Diego [] []
[2020-12-08T21:49:39.593841+01:00] main.DEBUG: < Criando usuario (SUCESSO) Diego diegosantos172@gmail.com SUCESSO [] []
[2020-12-08T22:42:04.817063+01:00] main.DEBUG: > Criando usuario Diego Diego [] []
[2020-12-08T22:42:04.839075+01:00] main.DEBUG: < Criando usuario (SUCESSO) Diego diegosantos175@gmail.com SUCESSO [] []
[2020-12-08T22:43:43.350019+01:00] main.DEBUG: > Criando usuario Diego Diego [] []
[2020-12-08T22:43:43.361423+01:00] main.DEBUG: < Criando usuario (SUCESSO) Diego diegosantos177@gmail.com SUCESSO [] []
[2020-12-08T22:44:02.217324+01:00] main.DEBUG: > Criando usuario Diego Diego [] []
