[2020-12-08T20:16:36.352031+01:00] main.ERROR:  [] []
[2020-12-08T20:22:38.954691+01:00] main.ERROR: < Criando usuario (FALHA) Di asdf@asd.com  ERRO: Nome deve conter pelo menos 3 carateres. [] []
[2020-12-08T20:24:55.804726+01:00] main.ERROR: < Criando usuario (FALHA) Di diego@asdf.com  ERRO: Nome deve conter pelo menos 3 carateres. [] []
[2020-12-08T20:27:10.469075+01:00] main.ERROR: < Criando usuario (FALHA) Di asdf@asdf.com  ERRO: Nome deve conter pelo menos 3 carateres. [] []
[2020-12-08T20:28:33.937402+01:00] main.ERROR: < Criando usuario (FALHA) Di asdf@asdf.com  ERRO: Nome deve conter pelo menos 3 carateres. [] []
[2020-12-08T20:29:03.046372+01:00] main.ERROR: < Criando usuario (FALHA) Diego asdf@asdf.com  ERRO: Informe um email válido. [] []
[2020-12-08T20:40:02.410933+01:00] main.ERROR: < Criando usuario (FALHA) Diego diegosantos17@gmail.com  ERRO: Senha deve possuir no mínimo 4 caracteres. [] []
[2020-12-08T20:50:57.965472+01:00] main.ERROR: < Criando usuario (FALHA) Diego diegosantos17@gmail.com  ERRO: Senha deve possuir no mínimo 4 caracteres. [] []
[2020-12-08T20:57:29.440196+01:00] main.ERROR: < Criando usuario (FALHA) Diego diegosantos17@gmail.com  ERRO: Email já cadastrado. [] []
[2020-12-08T20:57:55.854153+01:00] main.ERROR: < Criando usuario (FALHA) Diego diegosantos172@gmail.com  ERRO: Email já cadastrado. [] []
[2020-12-08T20:58:51.394742+01:00] main.ERROR: < Criando usuario (FALHA) Diego diegosantos172@gmail.com  ERRO: Email já cadastrado. [] []
[2020-12-08T21:38:35.966114+01:00] main.ERROR: < Criando usuario (FALHA) Diego diegosantos172@gmail.com  ERRO: Senha deve possuir no mínimo 4 caracteres. [] []
[2020-12-08T21:39:49.482659+01:00] main.ERROR: < Criando usuario (FALHA) Diego diegosantos172@gmail.com  ERRO: Email já cadastrado. [] []
[2020-12-08T21:44:54.211482+01:00] main.ERROR: < Criando usuario (FALHA) Diego diegosantos172@gmail.com  ERRO: Email já cadastrado. [] []
[2020-12-08T21:49:16.410061+01:00] main.ERROR: < Criando usuario (FALHA) Diego diegosantos17@gmail.com  ERRO: Email já cadastrado. [] []
[2020-12-08T22:44:02.221927+01:00] main.ERROR: < Criando usuario (FALHA) Diego diegosantos177@gmail.com - ERRO: Email já cadastrado. [] []
[2020-12-08T22:49:06.079946+01:00] main.ERROR: < Criando usuario (FALHA) Diego diegosantos180@gmail.com - ERRO: Email já cadastrado. [] []
[2020-12-08T22:50:14.506710+01:00] main.ERROR: < Criando usuario (FALHA) Diego diegosantos181@gmail.com - ERRO: Email já cadastrado. [] []
[2020-12-08T22:51:31.475086+01:00] main.ERROR: < Criando usuario (FALHA) Diego diegosantos185@gmail.com - ERRO: Senha deve possuir no mínimo 4 caracteres. [] []
[2020-12-08T22:55:40.845165+01:00] main.ERROR: Error on ExecuteNonQuery(): SQLSTATE[42000]: Syntax error or access violation: 1064 You have an error in your SQL syntax; check the manual that corresponds to your MariaDB server version for the right syntax to use near '2' at line 1 SQL: 2 <>Parameters:  [] []
[2020-12-08T22:57:00.494000+01:00] main.ERROR: Error on ExecuteNonQuery(): SQLSTATE[42000]: Syntax error or access violation: 1064 You have an error in your SQL syntax; check the manual that corresponds to your MariaDB server version for the right syntax to use near '2' at line 1 SQL: 2 <>Parameters:  [] []
[2020-12-08T22:57:55.338866+01:00] main.ERROR: Error on ExecuteNonQuery(): SQLSTATE[42000]: Syntax error or access violation: 1064 You have an error in your SQL syntax; check the manual that corresponds to your MariaDB server version for the right syntax to use near '2' at line 1 SQL: 2 <>Parameters:  [] []
